\BOOKMARK [0][-]{dummy.2}{\376\377\000L\000i\000s\000t\000\040\000o\000f\000\040\000F\000i\000g\000u\000r\000e\000s}{}% 1
\BOOKMARK [0][-]{dummy.4}{\376\377\000L\000i\000s\000t\000\040\000o\000f\000\040\000T\000a\000b\000l\000e\000s}{}% 2
\BOOKMARK [0][-]{dummy.6}{\376\377\000L\000i\000s\000t\000i\000n\000g\000s}{}% 3
\BOOKMARK [0][-]{dummy.8}{\376\377\000A\000b\000b\000r\000e\000v\000i\000a\000t\000i\000o\000n\000s}{}% 4
\BOOKMARK [0][-]{chapter.11}{\376\377\0001\000\040\000I\000n\000t\000r\000o\000d\000u\000c\000t\000i\000o\000n}{}% 5
\BOOKMARK [1][-]{section.12}{\376\377\0001\000.\0001\000\040\000I\000n\000t\000r\000o\000d\000u\000c\000t\000i\000o\000n}{chapter.11}% 6
\BOOKMARK [1][-]{section.18}{\376\377\0001\000.\0002\000\040\000M\000o\000t\000i\000v\000a\000t\000i\000o\000n}{chapter.11}% 7
\BOOKMARK [1][-]{section.22}{\376\377\0001\000.\0003\000\040\000P\000r\000o\000b\000l\000e\000m\000\040\000S\000t\000a\000t\000e\000m\000e\000n\000t\000\040\000a\000n\000d\000\040\000C\000h\000a\000l\000l\000e\000n\000g\000e\000s}{chapter.11}% 8
\BOOKMARK [1][-]{section.25}{\376\377\0001\000.\0004\000\040\000R\000e\000s\000e\000a\000r\000c\000h\000\040\000Q\000u\000e\000s\000t\000i\000o\000n\000s}{chapter.11}% 9
\BOOKMARK [1][-]{section.30}{\376\377\0001\000.\0005\000\040\000T\000h\000e\000s\000i\000s\000\040\000S\000t\000r\000u\000c\000t\000u\000r\000e}{chapter.11}% 10
\BOOKMARK [0][-]{chapter.37}{\376\377\0002\000\040\000S\000t\000a\000t\000e\000-\000o\000f\000-\000t\000h\000e\000-\000A\000r\000t}{}% 11
\BOOKMARK [1][-]{section.38}{\376\377\0002\000.\0001\000\040\000I\000n\000t\000r\000o\000d\000u\000c\000t\000i\000o\000n}{chapter.37}% 12
\BOOKMARK [1][-]{section.39}{\376\377\0002\000.\0002\000\040\000L\000i\000t\000e\000r\000a\000t\000u\000r\000e\000\040\000R\000e\000v\000i\000e\000w}{chapter.37}% 13
\BOOKMARK [2][-]{subsection.40}{\376\377\0002\000.\0002\000.\0001\000\040\000E\000v\000o\000l\000v\000i\000n\000g\000\040\000R\000o\000l\000e\000\040\000o\000f\000\040\000L\000L\000M\000s\000\040\000i\000n\000\040\000H\000e\000a\000l\000t\000h\000c\000a\000r\000e\000\040\000a\000n\000d\000\040\000M\000e\000d\000i\000c\000a\000l\000\040\000E\000d\000u\000c\000a\000t\000i\000o\000n}{section.39}% 14
\BOOKMARK [2][-]{subsection.41}{\376\377\0002\000.\0002\000.\0002\000\040\000D\000e\000c\000e\000n\000t\000r\000a\000l\000i\000z\000e\000d\000\040\000A\000r\000c\000h\000i\000t\000e\000c\000t\000u\000r\000e\000s\000\040\000f\000o\000r\000\040\000D\000a\000t\000a\000\040\000P\000r\000i\000v\000a\000c\000y}{section.39}% 15
\BOOKMARK [2][-]{subsection.42}{\376\377\0002\000.\0002\000.\0003\000\040\000C\000o\000n\000v\000e\000r\000s\000a\000t\000i\000o\000n\000a\000l\000\040\000A\000I\000\040\000f\000o\000r\000\040\000P\000a\000t\000i\000e\000n\000t\000\040\000E\000n\000g\000a\000g\000e\000m\000e\000n\000t\000\040\000a\000n\000d\000\040\000E\000d\000u\000c\000a\000t\000i\000o\000n}{section.39}% 16
\BOOKMARK [2][-]{subsection.43}{\376\377\0002\000.\0002\000.\0004\000\040\000M\000e\000t\000h\000o\000d\000o\000l\000o\000g\000i\000c\000a\000l\000\040\000I\000n\000n\000o\000v\000a\000t\000i\000o\000n\000s\000\040\000i\000n\000\040\000T\000o\000p\000i\000c\000\040\000M\000o\000d\000e\000l\000l\000i\000n\000g\000\040\000a\000n\000d\000\040\000I\000n\000f\000o\000r\000m\000a\000t\000i\000o\000n\000\040\000R\000e\000t\000r\000i\000e\000v\000a\000l}{section.39}% 17
\BOOKMARK [1][-]{section.44}{\376\377\0002\000.\0003\000\040\000M\000e\000t\000h\000o\000d\000o\000l\000o\000g\000i\000e\000s}{chapter.37}% 18
\BOOKMARK [2][-]{subsection.45}{\376\377\0002\000.\0003\000.\0001\000\040\000R\000e\000t\000r\000i\000e\000v\000a\000l\000-\000A\000u\000g\000m\000e\000n\000t\000e\000d\000\040\000G\000e\000n\000e\000r\000a\000t\000i\000o\000n\000\040\000\050\000R\000A\000G\000\051}{section.44}% 19
\BOOKMARK [2][-]{subsection.46}{\376\377\0002\000.\0003\000.\0002\000\040\000A\000d\000v\000a\000n\000c\000e\000d\000\040\000E\000m\000b\000e\000d\000d\000i\000n\000g\000\040\000T\000e\000c\000h\000n\000i\000q\000u\000e\000s}{section.44}% 20
\BOOKMARK [2][-]{subsection.47}{\376\377\0002\000.\0003\000.\0003\000\040\000D\000i\000m\000e\000n\000s\000i\000o\000n\000a\000l\000i\000t\000y\000\040\000R\000e\000d\000u\000c\000t\000i\000o\000n\000\040\000a\000n\000d\000\040\000C\000l\000u\000s\000t\000e\000r\000i\000n\000g}{section.44}% 21
\BOOKMARK [2][-]{subsection.48}{\376\377\0002\000.\0003\000.\0004\000\040\000T\000o\000p\000i\000c\000\040\000E\000x\000t\000r\000a\000c\000t\000i\000o\000n\000\040\000v\000i\000a\000\040\000L\000L\000M\000s}{section.44}% 22
\BOOKMARK [2][-]{subsection.49}{\376\377\0002\000.\0003\000.\0005\000\040\000I\000n\000t\000e\000g\000r\000a\000t\000e\000d\000\040\000S\000y\000s\000t\000e\000m\000\040\000A\000r\000c\000h\000i\000t\000e\000c\000t\000u\000r\000e}{section.44}% 23
\BOOKMARK [1][-]{section.50}{\376\377\0002\000.\0004\000\040\000C\000h\000a\000l\000l\000e\000n\000g\000e\000s}{chapter.37}% 24
\BOOKMARK [2][-]{subsection.51}{\376\377\0002\000.\0004\000.\0001\000\040\000F\000a\000c\000t\000u\000a\000l\000\040\000A\000c\000c\000u\000r\000a\000c\000y\000\040\000a\000n\000d\000\040\000M\000i\000t\000i\000g\000a\000t\000i\000n\000g\000\040\000H\000a\000l\000l\000u\000c\000i\000n\000a\000t\000i\000o\000n}{section.50}% 25
\BOOKMARK [2][-]{subsection.52}{\376\377\0002\000.\0004\000.\0002\000\040\000D\000a\000t\000a\000\040\000P\000r\000i\000v\000a\000c\000y\000,\000\040\000S\000e\000c\000u\000r\000i\000t\000y\000,\000\040\000a\000n\000d\000\040\000E\000t\000h\000i\000c\000a\000l\000\040\000C\000o\000n\000s\000i\000d\000e\000r\000a\000t\000i\000o\000n\000s}{section.50}% 26
\BOOKMARK [2][-]{subsection.53}{\376\377\0002\000.\0004\000.\0003\000\040\000C\000o\000m\000p\000u\000t\000a\000t\000i\000o\000n\000a\000l\000\040\000a\000n\000d\000\040\000R\000e\000s\000o\000u\000r\000c\000e\000\040\000C\000o\000n\000s\000t\000r\000a\000i\000n\000t\000s}{section.50}% 27
\BOOKMARK [2][-]{subsection.54}{\376\377\0002\000.\0004\000.\0004\000\040\000C\000o\000m\000p\000l\000e\000x\000i\000t\000y\000\040\000i\000n\000\040\000E\000v\000a\000l\000u\000a\000t\000i\000o\000n\000\040\000a\000n\000d\000\040\000B\000e\000n\000c\000h\000m\000a\000r\000k\000i\000n\000g}{section.50}% 28
\BOOKMARK [1][-]{section.55}{\376\377\0002\000.\0005\000\040\000E\000v\000a\000l\000u\000a\000t\000i\000o\000n\000\040\000S\000t\000r\000a\000t\000e\000g\000i\000e\000s}{chapter.37}% 29
\BOOKMARK [2][-]{subsection.56}{\376\377\0002\000.\0005\000.\0001\000\040\000Q\000u\000a\000n\000t\000i\000t\000a\000t\000i\000v\000e\000\040\000M\000e\000t\000r\000i\000c\000s}{section.55}% 30
\BOOKMARK [2][-]{subsection.57}{\376\377\0002\000.\0005\000.\0002\000\040\000H\000u\000m\000a\000n\000-\000C\000e\000n\000t\000r\000i\000c\000\040\000E\000v\000a\000l\000u\000a\000t\000i\000o\000n\000s}{section.55}% 31
\BOOKMARK [2][-]{subsection.58}{\376\377\0002\000.\0005\000.\0003\000\040\000C\000o\000m\000p\000a\000r\000a\000t\000i\000v\000e\000\040\000B\000e\000n\000c\000h\000m\000a\000r\000k\000i\000n\000g}{section.55}% 32
\BOOKMARK [1][-]{section.59}{\376\377\0002\000.\0006\000\040\000S\000y\000s\000t\000e\000m\000\040\000A\000r\000c\000h\000i\000t\000e\000c\000t\000u\000r\000e\000s}{chapter.37}% 33
\BOOKMARK [2][-]{subsection.60}{\376\377\0002\000.\0006\000.\0001\000\040\000D\000e\000c\000e\000n\000t\000r\000a\000l\000i\000z\000e\000d\000\040\000D\000a\000t\000a\000\040\000A\000r\000c\000h\000i\000t\000e\000c\000t\000u\000r\000e\000s\000\040\000a\000n\000d\000\040\000P\000e\000r\000s\000o\000n\000a\000l\000\040\000D\000a\000t\000a\000\040\000S\000t\000o\000r\000e\000s\000\040\000\050\000P\000D\000S\000\051}{section.59}% 34
\BOOKMARK [2][-]{subsection.61}{\376\377\0002\000.\0006\000.\0002\000\040\000M\000o\000d\000u\000l\000a\000r\000\040\000a\000n\000d\000\040\000L\000a\000y\000e\000r\000e\000d\000\040\000C\000o\000n\000v\000e\000r\000s\000a\000t\000i\000o\000n\000a\000l\000\040\000F\000r\000a\000m\000e\000w\000o\000r\000k\000s}{section.59}% 35
\BOOKMARK [2][-]{subsection.62}{\376\377\0002\000.\0006\000.\0003\000\040\000I\000n\000t\000e\000g\000r\000a\000t\000i\000o\000n\000\040\000o\000f\000\040\000R\000A\000G\000\040\000w\000i\000t\000h\000i\000n\000\040\000a\000\040\000S\000e\000c\000u\000r\000e\000,\000\040\000D\000e\000c\000e\000n\000t\000r\000a\000l\000i\000z\000e\000d\000\040\000F\000r\000a\000m\000e\000w\000o\000r\000k}{section.59}% 36
\BOOKMARK [1][-]{section.63}{\376\377\0002\000.\0007\000\040\000F\000u\000t\000u\000r\000e\000\040\000D\000i\000r\000e\000c\000t\000i\000o\000n\000s}{chapter.37}% 37
\BOOKMARK [2][-]{subsection.64}{\376\377\0002\000.\0007\000.\0001\000\040\000E\000n\000h\000a\000n\000c\000i\000n\000g\000\040\000M\000o\000d\000e\000l\000\040\000R\000e\000l\000i\000a\000b\000i\000l\000i\000t\000y\000\040\000a\000n\000d\000\040\000F\000a\000c\000t\000u\000a\000l\000\040\000A\000c\000c\000u\000r\000a\000c\000y}{section.63}% 38
\BOOKMARK [2][-]{subsection.65}{\376\377\0002\000.\0007\000.\0002\000\040\000E\000x\000p\000a\000n\000d\000i\000n\000g\000\040\000P\000r\000i\000v\000a\000c\000y\000,\000\040\000S\000e\000c\000u\000r\000i\000t\000y\000,\000\040\000a\000n\000d\000\040\000E\000t\000h\000i\000c\000a\000l\000\040\000F\000r\000a\000m\000e\000w\000o\000r\000k\000s}{section.63}% 39
\BOOKMARK [2][-]{subsection.66}{\376\377\0002\000.\0007\000.\0003\000\040\000O\000v\000e\000r\000c\000o\000m\000i\000n\000g\000\040\000C\000o\000m\000p\000u\000t\000a\000t\000i\000o\000n\000a\000l\000\040\000a\000n\000d\000\040\000S\000c\000a\000l\000a\000b\000i\000l\000i\000t\000y\000\040\000C\000o\000n\000s\000t\000r\000a\000i\000n\000t\000s}{section.63}% 40
\BOOKMARK [2][-]{subsection.67}{\376\377\0002\000.\0007\000.\0004\000\040\000I\000n\000t\000e\000g\000r\000a\000t\000i\000n\000g\000\040\000M\000u\000l\000t\000i\000m\000o\000d\000a\000l\000\040\000a\000n\000d\000\040\000C\000r\000o\000s\000s\000-\000D\000o\000m\000a\000i\000n\000\040\000C\000a\000p\000a\000b\000i\000l\000i\000t\000i\000e\000s}{section.63}% 41
\BOOKMARK [2][-]{subsection.68}{\376\377\0002\000.\0007\000.\0005\000\040\000S\000t\000a\000n\000d\000a\000r\000d\000i\000z\000i\000n\000g\000\040\000E\000v\000a\000l\000u\000a\000t\000i\000o\000n\000\040\000P\000r\000o\000t\000o\000c\000o\000l\000s}{section.63}% 42
\BOOKMARK [1][-]{section.69}{\376\377\0002\000.\0008\000\040\000S\000u\000m\000m\000a\000r\000y}{chapter.37}% 43
\BOOKMARK [0][-]{chapter.70}{\376\377\0003\000\040\000D\000e\000s\000i\000g\000n\000\040\000a\000n\000d\000\040\000M\000e\000t\000h\000o\000d\000o\000l\000o\000g\000y}{}% 44
\BOOKMARK [1][-]{section.71}{\376\377\0003\000.\0001\000\040\000H\000i\000g\000h\000-\000L\000e\000v\000e\000l\000\040\000A\000r\000c\000h\000i\000t\000e\000c\000t\000u\000r\000e}{chapter.70}% 45
\BOOKMARK [1][-]{section.80}{\376\377\0003\000.\0002\000\040\000M\000i\000s\000t\000r\000a\000l\000\040\0001\0003\000B\000\040\000Q\000u\000a\000n\000t\000i\000z\000e\000d\000\040\000M\000o\000d\000e\000l}{chapter.70}% 46
\BOOKMARK [2][-]{subsection.81}{\376\377\0003\000.\0002\000.\0001\000\040\000O\000v\000e\000r\000v\000i\000e\000w\000\040\000a\000n\000d\000\040\000A\000r\000c\000h\000i\000t\000e\000c\000t\000u\000r\000e}{section.80}% 47
\BOOKMARK [2][-]{subsection.82}{\376\377\0003\000.\0002\000.\0002\000\040\000C\000o\000n\000t\000e\000x\000t\000u\000a\000l\000\040\000R\000e\000s\000p\000o\000n\000s\000e\000\040\000G\000e\000n\000e\000r\000a\000t\000i\000o\000n}{section.80}% 48
\BOOKMARK [2][-]{subsection.83}{\376\377\0003\000.\0002\000.\0003\000\040\000R\000o\000l\000e\000-\000S\000p\000e\000c\000i\000f\000i\000c\000\040\000P\000r\000o\000m\000p\000t\000i\000n\000g}{section.80}% 49
\BOOKMARK [2][-]{subsection.84}{\376\377\0003\000.\0002\000.\0004\000\040\000A\000d\000d\000i\000t\000i\000o\000n\000a\000l\000\040\000E\000x\000p\000l\000a\000n\000a\000t\000i\000o\000n\000\040\000o\000f\000\040\000t\000h\000e\000\040\000M\000i\000s\000t\000r\000a\000l\000\040\0001\0003\000B\000\040\000Q\000u\000a\000n\000t\000i\000z\000e\000d\000\040\000M\000o\000d\000e\000l}{section.80}% 50
\BOOKMARK [1][-]{section.85}{\376\377\0003\000.\0003\000\040\000E\000m\000b\000e\000d\000d\000i\000n\000g\000\040\000a\000n\000d\000\040\000V\000e\000c\000t\000o\000r\000\040\000D\000a\000t\000a\000b\000a\000s\000e}{chapter.70}% 51
\BOOKMARK [2][-]{subsection.86}{\376\377\0003\000.\0003\000.\0001\000\040\000E\000m\000b\000e\000d\000d\000i\000n\000g\000\040\000M\000o\000d\000e\000l\000:\000\040\000a\000l\000l\000-\000m\000p\000n\000e\000t\000-\000b\000a\000s\000e\000-\000v\0002}{section.85}% 52
\BOOKMARK [2][-]{subsection.87}{\376\377\0003\000.\0003\000.\0002\000\040\000V\000e\000c\000t\000o\000r\000\040\000D\000a\000t\000a\000b\000a\000s\000e\000:\000\040\000P\000i\000n\000e\000c\000o\000n\000e}{section.85}% 53
\BOOKMARK [1][-]{section.88}{\376\377\0003\000.\0004\000\040\000A\000g\000e\000n\000t\000i\000c\000\040\000A\000p\000p\000o\000i\000n\000t\000m\000e\000n\000t\000\040\000B\000o\000o\000k\000i\000n\000g}{chapter.70}% 54
\BOOKMARK [2][-]{subsection.89}{\376\377\0003\000.\0004\000.\0001\000\040\000T\000r\000i\000g\000g\000e\000r\000i\000n\000g\000\040\000C\000o\000n\000d\000i\000t\000i\000o\000n\000s\000\040\000a\000n\000d\000\040\000W\000o\000r\000k\000f\000l\000o\000w}{section.88}% 55
\BOOKMARK [1][-]{section.94}{\376\377\0003\000.\0005\000\040\000U\000s\000e\000r\000\040\000I\000n\000t\000e\000r\000f\000a\000c\000e\000\040\000A\000p\000p\000r\000o\000a\000c\000h\000e\000s}{chapter.70}% 56
\BOOKMARK [2][-]{subsection.95}{\376\377\0003\000.\0005\000.\0001\000\040\000F\000l\000a\000s\000k\000\040\000U\000I}{section.94}% 57
\BOOKMARK [2][-]{subsection.96}{\376\377\0003\000.\0005\000.\0002\000\040\000C\000h\000a\000i\000n\000l\000i\000t\000\040\000U\000I}{section.94}% 58
\BOOKMARK [1][-]{section.97}{\376\377\0003\000.\0006\000\040\000S\000u\000m\000m\000a\000r\000y}{chapter.70}% 59
\BOOKMARK [0][-]{chapter.98}{\376\377\0004\000\040\000I\000m\000p\000l\000e\000m\000e\000n\000t\000a\000t\000i\000o\000n}{}% 60
\BOOKMARK [1][-]{section.99}{\376\377\0004\000.\0001\000\040\000L\000i\000b\000r\000a\000r\000i\000e\000s}{chapter.98}% 61
\BOOKMARK [1][-]{section.100}{\376\377\0004\000.\0002\000\040\000C\000o\000d\000e\000\040\000I\000m\000p\000l\000e\000m\000e\000n\000t\000a\000t\000i\000o\000n}{chapter.98}% 62
\BOOKMARK [2][-]{subsection.106}{\376\377\0004\000.\0002\000.\0001\000\040\000P\000r\000e\000p\000r\000o\000c\000e\000s\000s\000i\000n\000g}{section.100}% 63
\BOOKMARK [2][-]{subsection.160}{\376\377\0004\000.\0002\000.\0002\000\040\000E\000m\000b\000e\000d\000d\000i\000n\000g}{section.100}% 64
\BOOKMARK [2][-]{subsection.193}{\376\377\0004\000.\0002\000.\0003\000\040\000D\000i\000m\000e\000n\000s\000i\000o\000n\000a\000l\000i\000t\000y\000\040\000R\000e\000d\000u\000c\000t\000i\000o\000n}{section.100}% 65
\BOOKMARK [2][-]{subsection.201}{\376\377\0004\000.\0002\000.\0004\000\040\000C\000l\000u\000s\000t\000e\000r\000i\000n\000g}{section.100}% 66
\BOOKMARK [2][-]{subsection.235}{\376\377\0004\000.\0002\000.\0005\000\040\000L\000a\000r\000g\000e\000\040\000L\000a\000n\000g\000u\000a\000g\000e\000\040\000M\000o\000d\000e\000l}{section.100}% 67
\BOOKMARK [1][-]{section.327}{\376\377\0004\000.\0003\000\040\000W\000e\000b\000\040\000A\000p\000p\000l\000i\000c\000a\000t\000i\000o\000n\000\040\000f\000o\000r\000\040\000S\000m\000a\000l\000l\000e\000r\000\040\000T\000e\000x\000t\000\040\000C\000o\000r\000p\000u\000s}{chapter.98}% 68
\BOOKMARK [2][-]{subsection.328}{\376\377\0004\000.\0003\000.\0001\000\040\000M\000e\000t\000h\000o\000d\000l\000o\000g\000y\000\040\000a\000n\000d\000\040\000T\000e\000c\000h\000n\000o\000l\000o\000g\000i\000e\000s\000\040\000U\000s\000e\000d}{section.327}% 69
\BOOKMARK [1][-]{section.331}{\376\377\0004\000.\0004\000\040\000S\000u\000m\000m\000a\000r\000y}{chapter.98}% 70
\BOOKMARK [0][-]{chapter.332}{\376\377\0005\000\040\000E\000v\000a\000l\000u\000a\000t\000i\000o\000n}{}% 71
\BOOKMARK [1][-]{section.333}{\376\377\0005\000.\0001\000\040\000E\000v\000a\000l\000u\000a\000t\000i\000o\000n\000\040\000D\000e\000s\000i\000g\000n}{chapter.332}% 72
\BOOKMARK [1][-]{section.338}{\376\377\0005\000.\0002\000\040\000C\000l\000u\000s\000t\000e\000r\000\040\000E\000v\000a\000l\000u\000a\000t\000i\000o\000n}{chapter.332}% 73
\BOOKMARK [1][-]{section.343}{\376\377\0005\000.\0003\000\040\000T\000o\000p\000i\000c\000\040\000G\000e\000n\000e\000r\000a\000t\000i\000o\000n\000\040\000w\000i\000t\000h\000\040\000o\000t\000h\000e\000r\000\040\000L\000L\000M\000s}{chapter.332}% 74
\BOOKMARK [1][-]{section.345}{\376\377\0005\000.\0004\000\040\000D\000i\000s\000c\000u\000s\000s\000i\000o\000n}{chapter.332}% 75
\BOOKMARK [0][-]{chapter.346}{\376\377\0006\000\040\000C\000o\000n\000c\000l\000u\000s\000i\000o\000n\000\040\000a\000n\000d\000\040\000F\000u\000t\000u\000r\000e\000\040\000W\000o\000r\000k}{}% 76
\BOOKMARK [1][-]{section.347}{\376\377\0006\000.\0001\000\040\000C\000o\000n\000c\000l\000u\000s\000i\000o\000n}{chapter.346}% 77
\BOOKMARK [1][-]{section.348}{\376\377\0006\000.\0002\000\040\000A\000n\000s\000w\000e\000r\000s\000\040\000t\000o\000\040\000R\000e\000s\000e\000a\000r\000c\000h\000\040\000Q\000u\000e\000s\000t\000i\000o\000n\000s}{chapter.346}% 78
\BOOKMARK [1][-]{section.352}{\376\377\0006\000.\0003\000\040\000F\000u\000t\000u\000r\000e\000\040\000W\000o\000r\000k\000\040\000a\000n\000d\000\040\000C\000h\000a\000l\000l\000e\000n\000g\000e\000s}{chapter.346}% 79
\BOOKMARK [0][-]{appendix.353}{\376\377\000A\000\040\000S\000o\000u\000r\000c\000e\000\040\000C\000o\000d\000e}{}% 80
\BOOKMARK [0][-]{dummy.354}{\376\377\000B\000i\000b\000l\000i\000o\000g\000r\000a\000p\000h\000y}{}% 81
